<?xml version="1.0" encoding="UTF-8"?>
<beans xmlns="http://www.springframework.org/schema/beans"
	xmlns:p="http://www.springframework.org/schema/p"
	xmlns:jdbc="http://www.springframework.org/schema/jdbc"
	xmlns:xsi="http://www.w3.org/2001/XMLSchema-instance"
	xsi:schemaLocation="http://www.springframework.org/schema/beans http://www.springframework.org/schema/beans/spring-beans.xsd
		http://www.springframework.org/schema/jdbc http://www.springframework.org/schema/jdbc/spring-jdbc.xsd">
	
	<jdbc:initialize-database data-source="dataSource">
		<jdbc:script location="classpath:java_lesson_v0.0.1_create.sql" />
		<jdbc:script location="classpath:java_lesson_test_data.sql" />
	</jdbc:initialize-database>

</beans>
